Determining if the pthread_create exist failed with the following output:
Change Dir: /home/nacho/workspace/os1/cmake-build-debug/CMakeFiles/CMakeTmp

Run Build Command:"/usr/bin/make" "cmTC_5c10e/fast"
make[1]: Entering directory '/home/nacho/workspace/os1/cmake-build-debug/CMakeFiles/CMakeTmp'
/usr/bin/make -f CMakeFiles/cmTC_5c10e.dir/build.make CMakeFiles/cmTC_5c10e.dir/build
make[2]: Entering directory '/home/nacho/workspace/os1/cmake-build-debug/CMakeFiles/CMakeTmp'
Building C object CMakeFiles/cmTC_5c10e.dir/CheckSymbolExists.c.o
/usr/bin/cc   -fPIC    -o CMakeFiles/cmTC_5c10e.dir/CheckSymbolExists.c.o   -c /home/nacho/workspace/os1/cmake-build-debug/CMakeFiles/CMakeTmp/CheckSymbolExists.c
Linking C executable cmTC_5c10e
/home/nacho/Downloads/clion-2017.2.3/bin/cmake/bin/cmake -E cmake_link_script CMakeFiles/cmTC_5c10e.dir/link.txt --verbose=1
/usr/bin/cc -fPIC     -rdynamic CMakeFiles/cmTC_5c10e.dir/CheckSymbolExists.c.o  -o cmTC_5c10e 
CMakeFiles/cmTC_5c10e.dir/CheckSymbolExists.c.o: In function `main':
CheckSymbolExists.c:(.text+0x1b): undefined reference to `pthread_create'
collect2: error: ld returned 1 exit status
CMakeFiles/cmTC_5c10e.dir/build.make:97: recipe for target 'cmTC_5c10e' failed
make[2]: *** [cmTC_5c10e] Error 1
make[2]: Leaving directory '/home/nacho/workspace/os1/cmake-build-debug/CMakeFiles/CMakeTmp'
Makefile:126: recipe for target 'cmTC_5c10e/fast' failed
make[1]: *** [cmTC_5c10e/fast] Error 2
make[1]: Leaving directory '/home/nacho/workspace/os1/cmake-build-debug/CMakeFiles/CMakeTmp'

File /home/nacho/workspace/os1/cmake-build-debug/CMakeFiles/CMakeTmp/CheckSymbolExists.c:
/* */
#include <pthread.h>

int main(int argc, char** argv)
{
  (void)argv;
#ifndef pthread_create
  return ((int*)(&pthread_create))[argc];
#else
  (void)argc;
  return 0;
#endif
}

Determining if the function pthread_create exists in the pthreads failed with the following output:
Change Dir: /home/nacho/workspace/os1/cmake-build-debug/CMakeFiles/CMakeTmp

Run Build Command:"/usr/bin/make" "cmTC_3ad9a/fast"
make[1]: Entering directory '/home/nacho/workspace/os1/cmake-build-debug/CMakeFiles/CMakeTmp'
/usr/bin/make -f CMakeFiles/cmTC_3ad9a.dir/build.make CMakeFiles/cmTC_3ad9a.dir/build
make[2]: Entering directory '/home/nacho/workspace/os1/cmake-build-debug/CMakeFiles/CMakeTmp'
Building C object CMakeFiles/cmTC_3ad9a.dir/CheckFunctionExists.c.o
/usr/bin/cc   -fPIC -DCHECK_FUNCTION_EXISTS=pthread_create   -o CMakeFiles/cmTC_3ad9a.dir/CheckFunctionExists.c.o   -c /home/nacho/Downloads/clion-2017.2.3/bin/cmake/share/cmake-3.8/Modules/CheckFunctionExists.c
Linking C executable cmTC_3ad9a
/home/nacho/Downloads/clion-2017.2.3/bin/cmake/bin/cmake -E cmake_link_script CMakeFiles/cmTC_3ad9a.dir/link.txt --verbose=1
/usr/bin/cc -fPIC -DCHECK_FUNCTION_EXISTS=pthread_create    -rdynamic CMakeFiles/cmTC_3ad9a.dir/CheckFunctionExists.c.o  -o cmTC_3ad9a -lpthreads 
/usr/bin/ld: cannot find -lpthreads
collect2: error: ld returned 1 exit status
CMakeFiles/cmTC_3ad9a.dir/build.make:97: recipe for target 'cmTC_3ad9a' failed
make[2]: *** [cmTC_3ad9a] Error 1
make[2]: Leaving directory '/home/nacho/workspace/os1/cmake-build-debug/CMakeFiles/CMakeTmp'
Makefile:126: recipe for target 'cmTC_3ad9a/fast' failed
make[1]: *** [cmTC_3ad9a/fast] Error 2
make[1]: Leaving directory '/home/nacho/workspace/os1/cmake-build-debug/CMakeFiles/CMakeTmp'


